<?xml version="1.0" encoding="utf-8"?><testsuites name="pytest tests"><testsuite name="pytest" errors="0" failures="0" skipped="0" tests="22" time="20.766" timestamp="2026-09-26T21:38:45.121699+05:30" hostname="171f2dafc79f5bc"><testcase classname="tests.test_unit_kpi" name="test_settlement_rate_and_gap" time="0.002" /><testcase classname="tests.test_unit_kpi" name="test_sla_rate_and_merchant_exception_logic" time="0.001" /><testcase classname="tests.test_data_model" name="test_grain_no_duplicate_keys" time="9.179" /><testcase classname="tests.test_data_model" name="test_referential_integrity" time="0.118" /><testcase classname="tests.test_data_model" name="test_settlement_reconciliation" time="0.154" /><testcase classname="tests.test_pipeline" name="test_pipeline_is_incremental" time="1.466" /><testcase classname="tests.test_api" name="test_200_valid_request" time="0.180" /><testcase classname="tests.test_api" name="test_400_invalid_date" time="0.010" /><testcase classname="tests.test_api" name="test_404_unknown_merchant" time="0.042" /><testcase classname="tests.test_api" name="test_422_invalid_parameter" time="0.009" /><testcase classname="tests.test_business_rules" name="test_successful_transaction" time="0.482" /><testcase classname="tests.test_business_rules" name="test_failed_transaction_is_not_counted_in_kpis" time="0.895" /><testcase classname="tests.test_business_rules" name="test_duplicate_event_is_rejected" time="1.305" /><testcase classname="tests.test_business_rules" name="test_missing_merchant_is_quarantined" time="1.092" /><testcase classname="tests.test_business_rules" name="test_unmatched_settlement_is_quarantined" time="0.680" /><testcase classname="tests.test_business_rules" name="test_negative_settlement_is_quarantined" time="0.715" /><testcase classname="tests.test_business_rules" name="test_late_event_is_kept_with_a_warning" time="0.855" /><testcase classname="tests.test_business_rules" name="test_settlement_calculation_and_gap" time="0.579" /><testcase classname="tests.test_business_rules" name="test_multiple_settlements_do_not_inflate_the_settlement_rate" time="0.564" /><testcase classname="tests.test_business_rules" name="test_sla_is_missed_when_settled_after_30_minutes" time="0.559" /><testcase classname="tests.test_security" name="test_api_needs_a_valid_key" time="0.025" /><testcase classname="tests.test_security" name="test_sql_injection_is_blocked" time="0.008" /></testsuite></testsuites>